<?xml version="1.0" encoding="UTF-8"?>
<coverage generated="1737390242831" clover="3.2.0">
  <project timestamp="1737390242831" name="All files">
    <metrics statements="120" coveredstatements="108" conditionals="13" coveredconditionals="8" methods="41" coveredmethods="40" elements="174" coveredelements="156" complexity="0" loc="120" ncloc="120" packages="1" files="7" classes="7"/>
    <file name="Rea.ts" path="/home/mathis/projets/rxor/src/Rea.ts">
      <metrics statements="3" coveredstatements="3" conditionals="0" coveredconditionals="0" methods="1" coveredmethods="1"/>
      <line num="1" count="3" type="stmt"/>
      <line num="4" count="3" type="stmt"/>
      <line num="5" count="37" type="stmt"/>
    </file>
    <file name="ReaHook.ts" path="/home/mathis/projets/rxor/src/ReaHook.ts">
      <metrics statements="51" coveredstatements="39" conditionals="9" coveredconditionals="4" methods="13" coveredmethods="12"/>
      <line num="1" count="1" type="stmt"/>
      <line num="3" count="1" type="stmt"/>
      <line num="5" count="1" type="stmt"/>
      <line num="7" count="1" type="stmt"/>
      <line num="8" count="4" type="stmt"/>
      <line num="10" count="4" type="stmt"/>
      <line num="11" count="2" type="stmt"/>
      <line num="12" count="2" type="stmt"/>
      <line num="15" count="4" type="stmt"/>
      <line num="18" count="1" type="stmt"/>
      <line num="19" count="2" type="stmt"/>
      <line num="21" count="2" type="stmt"/>
      <line num="22" count="1" type="stmt"/>
      <line num="23" count="1" type="stmt"/>
      <line num="25" count="1" type="stmt"/>
      <line num="28" count="2" type="stmt"/>
      <line num="31" count="1" type="stmt"/>
      <line num="35" count="0" type="stmt"/>
      <line num="37" count="0" type="stmt"/>
      <line num="40" count="1" type="stmt"/>
      <line num="45" count="6" type="stmt"/>
      <line num="46" count="6" type="stmt"/>
      <line num="47" count="6" type="stmt"/>
      <line num="49" count="6" type="stmt"/>
      <line num="50" count="2" type="stmt"/>
      <line num="51" count="2" type="cond" truecount="0" falsecount="1"/>
      <line num="52" count="0" type="stmt"/>
      <line num="53" count="0" type="stmt"/>
      <line num="54" count="0" type="cond" truecount="0" falsecount="1"/>
      <line num="55" count="0" type="stmt"/>
      <line num="57" count="0" type="stmt"/>
      <line num="60" count="2" type="stmt"/>
      <line num="62" count="2" type="stmt"/>
      <line num="63" count="2" type="stmt"/>
      <line num="65" count="1" type="cond" truecount="1" falsecount="1"/>
      <line num="66" count="1" type="stmt"/>
      <line num="67" count="1" type="cond" truecount="0" falsecount="1"/>
      <line num="68" count="0" type="stmt"/>
      <line num="71" count="0" type="stmt"/>
      <line num="72" count="0" type="stmt"/>
      <line num="73" count="0" type="cond" truecount="0" falsecount="1"/>
      <line num="74" count="0" type="stmt"/>
      <line num="78" count="2" type="stmt"/>
      <line num="82" count="2" type="stmt"/>
      <line num="85" count="6" type="stmt"/>
      <line num="88" count="1" type="stmt"/>
      <line num="89" count="3" type="stmt"/>
      <line num="91" count="3" type="cond" truecount="3" falsecount="0"/>
      <line num="92" count="1" type="stmt"/>
      <line num="93" count="1" type="stmt"/>
      <line num="96" count="2" type="stmt"/>
    </file>
    <file name="ReaService.ts" path="/home/mathis/projets/rxor/src/ReaService.ts">
      <metrics statements="6" coveredstatements="6" conditionals="1" coveredconditionals="1" methods="1" coveredmethods="1"/>
      <line num="1" count="2" type="stmt"/>
      <line num="3" count="2" type="stmt"/>
      <line num="4" count="11" type="stmt"/>
      <line num="7" count="11" type="cond" truecount="1" falsecount="0"/>
      <line num="8" count="6" type="stmt"/>
      <line num="10" count="11" type="stmt"/>
    </file>
    <file name="ReaXar.ts" path="/home/mathis/projets/rxor/src/ReaXar.ts">
      <metrics statements="13" coveredstatements="13" conditionals="0" coveredconditionals="0" methods="7" coveredmethods="7"/>
      <line num="1" count="5" type="stmt"/>
      <line num="9" count="5" type="stmt"/>
      <line num="13" count="73" type="stmt"/>
      <line num="18" count="47" type="stmt"/>
      <line num="23" count="52" type="stmt"/>
      <line num="27" count="73" type="stmt"/>
      <line num="28" count="11" type="stmt"/>
      <line num="32" count="73" type="stmt"/>
      <line num="33" count="1" type="stmt"/>
      <line num="37" count="73" type="stmt"/>
      <line num="40" count="1" type="stmt"/>
      <line num="43" count="73" type="stmt"/>
      <line num="44" count="2" type="stmt"/>
    </file>
    <file name="ReaXor.ts" path="/home/mathis/projets/rxor/src/ReaXor.ts">
      <metrics statements="13" coveredstatements="13" conditionals="0" coveredconditionals="0" methods="7" coveredmethods="7"/>
      <line num="1" count="3" type="stmt"/>
      <line num="2" count="3" type="stmt"/>
      <line num="5" count="3" type="stmt"/>
      <line num="10" count="37" type="stmt"/>
      <line num="11" count="37" type="stmt"/>
      <line num="15" count="37" type="stmt"/>
      <line num="16" count="37" type="stmt"/>
      <line num="17" count="37" type="stmt"/>
      <line num="21" count="4" type="stmt"/>
      <line num="26" count="25" type="stmt"/>
      <line num="31" count="23" type="stmt"/>
      <line num="36" count="9" type="stmt"/>
      <line num="41" count="3" type="stmt"/>
    </file>
    <file name="RxService.ts" path="/home/mathis/projets/rxor/src/RxService.ts">
      <metrics statements="16" coveredstatements="16" conditionals="1" coveredconditionals="1" methods="6" coveredmethods="6"/>
      <line num="5" count="1" type="stmt"/>
      <line num="6" count="11" type="stmt"/>
      <line num="8" count="11" type="stmt"/>
      <line num="9" count="12" type="cond" truecount="1" falsecount="0"/>
      <line num="10" count="6" type="stmt"/>
      <line num="12" count="12" type="stmt"/>
      <line num="15" count="11" type="stmt"/>
      <line num="16" count="1" type="stmt"/>
      <line num="19" count="11" type="stmt"/>
      <line num="20" count="2" type="stmt"/>
      <line num="21" count="2" type="stmt"/>
      <line num="24" count="11" type="stmt"/>
      <line num="25" count="8" type="stmt"/>
      <line num="28" count="11" type="stmt"/>
      <line num="29" count="1" type="stmt"/>
      <line num="33" count="1" type="stmt"/>
    </file>
    <file name="RxStore.ts" path="/home/mathis/projets/rxor/src/RxStore.ts">
      <metrics statements="18" coveredstatements="18" conditionals="2" coveredconditionals="2" methods="6" coveredmethods="6"/>
      <line num="5" count="3" type="stmt"/>
      <line num="6" count="8" type="stmt"/>
      <line num="8" count="8" type="stmt"/>
      <line num="9" count="43" type="cond" truecount="1" falsecount="0"/>
      <line num="10" count="30" type="stmt"/>
      <line num="12" count="43" type="stmt"/>
      <line num="15" count="8" type="stmt"/>
      <line num="16" count="1" type="stmt"/>
      <line num="19" count="8" type="stmt"/>
      <line num="20" count="5" type="stmt"/>
      <line num="21" count="5" type="cond" truecount="1" falsecount="0"/>
      <line num="22" count="2" type="stmt"/>
      <line num="24" count="3" type="stmt"/>
      <line num="27" count="8" type="stmt"/>
      <line num="28" count="2" type="stmt"/>
      <line num="31" count="8" type="stmt"/>
      <line num="32" count="3" type="stmt"/>
      <line num="36" count="3" type="stmt"/>
    </file>
  </project>
</coverage>
