<?xml version="1.0" encoding="UTF-8"?>
<coverage generated="1737319619150" clover="3.2.0">
  <project timestamp="1737319619150" name="All files">
    <metrics statements="69" coveredstatements="68" conditionals="4" coveredconditionals="4" methods="28" coveredmethods="27" elements="101" coveredelements="99" complexity="0" loc="69" ncloc="69" packages="1" files="6" classes="6"/>
    <file name="Rea.ts" path="/home/mathis/projets/rxor/src/Rea.ts">
      <metrics statements="3" coveredstatements="3" conditionals="0" coveredconditionals="0" methods="1" coveredmethods="1"/>
      <line num="1" count="2" type="stmt"/>
      <line num="4" count="2" type="stmt"/>
      <line num="5" count="36" type="stmt"/>
    </file>
    <file name="ReaService.ts" path="/home/mathis/projets/rxor/src/ReaService.ts">
      <metrics statements="6" coveredstatements="6" conditionals="1" coveredconditionals="1" methods="1" coveredmethods="1"/>
      <line num="1" count="2" type="stmt"/>
      <line num="3" count="2" type="stmt"/>
      <line num="4" count="11" type="stmt"/>
      <line num="7" count="11" type="cond" truecount="1" falsecount="0"/>
      <line num="8" count="6" type="stmt"/>
      <line num="10" count="11" type="stmt"/>
    </file>
    <file name="ReaXar.ts" path="/home/mathis/projets/rxor/src/ReaXar.ts">
      <metrics statements="13" coveredstatements="13" conditionals="0" coveredconditionals="0" methods="7" coveredmethods="7"/>
      <line num="1" count="3" type="stmt"/>
      <line num="9" count="3" type="stmt"/>
      <line num="13" count="66" type="stmt"/>
      <line num="18" count="41" type="stmt"/>
      <line num="23" count="45" type="stmt"/>
      <line num="27" count="66" type="stmt"/>
      <line num="28" count="7" type="stmt"/>
      <line num="32" count="66" type="stmt"/>
      <line num="33" count="1" type="stmt"/>
      <line num="37" count="66" type="stmt"/>
      <line num="40" count="1" type="stmt"/>
      <line num="43" count="66" type="stmt"/>
      <line num="44" count="1" type="stmt"/>
    </file>
    <file name="ReaXor.ts" path="/home/mathis/projets/rxor/src/ReaXor.ts">
      <metrics statements="13" coveredstatements="12" conditionals="0" coveredconditionals="0" methods="7" coveredmethods="6"/>
      <line num="1" count="2" type="stmt"/>
      <line num="2" count="2" type="stmt"/>
      <line num="5" count="2" type="stmt"/>
      <line num="10" count="36" type="stmt"/>
      <line num="11" count="36" type="stmt"/>
      <line num="15" count="36" type="stmt"/>
      <line num="16" count="36" type="stmt"/>
      <line num="17" count="36" type="stmt"/>
      <line num="21" count="0" type="stmt"/>
      <line num="26" count="25" type="stmt"/>
      <line num="31" count="22" type="stmt"/>
      <line num="36" count="9" type="stmt"/>
      <line num="41" count="3" type="stmt"/>
    </file>
    <file name="RxService.ts" path="/home/mathis/projets/rxor/src/RxService.ts">
      <metrics statements="16" coveredstatements="16" conditionals="1" coveredconditionals="1" methods="6" coveredmethods="6"/>
      <line num="5" count="1" type="stmt"/>
      <line num="6" count="11" type="stmt"/>
      <line num="8" count="11" type="stmt"/>
      <line num="9" count="12" type="cond" truecount="1" falsecount="0"/>
      <line num="10" count="6" type="stmt"/>
      <line num="12" count="12" type="stmt"/>
      <line num="15" count="11" type="stmt"/>
      <line num="16" count="1" type="stmt"/>
      <line num="19" count="11" type="stmt"/>
      <line num="20" count="2" type="stmt"/>
      <line num="21" count="2" type="stmt"/>
      <line num="24" count="11" type="stmt"/>
      <line num="25" count="8" type="stmt"/>
      <line num="28" count="11" type="stmt"/>
      <line num="29" count="1" type="stmt"/>
      <line num="33" count="1" type="stmt"/>
    </file>
    <file name="RxStore.ts" path="/home/mathis/projets/rxor/src/RxStore.ts">
      <metrics statements="18" coveredstatements="18" conditionals="2" coveredconditionals="2" methods="6" coveredmethods="6"/>
      <line num="5" count="2" type="stmt"/>
      <line num="6" count="7" type="stmt"/>
      <line num="8" count="7" type="stmt"/>
      <line num="9" count="42" type="cond" truecount="1" falsecount="0"/>
      <line num="10" count="30" type="stmt"/>
      <line num="12" count="42" type="stmt"/>
      <line num="15" count="7" type="stmt"/>
      <line num="16" count="1" type="stmt"/>
      <line num="19" count="7" type="stmt"/>
      <line num="20" count="2" type="stmt"/>
      <line num="21" count="2" type="cond" truecount="1" falsecount="0"/>
      <line num="22" count="1" type="stmt"/>
      <line num="24" count="1" type="stmt"/>
      <line num="27" count="7" type="stmt"/>
      <line num="28" count="2" type="stmt"/>
      <line num="31" count="7" type="stmt"/>
      <line num="32" count="1" type="stmt"/>
      <line num="36" count="2" type="stmt"/>
    </file>
  </project>
</coverage>
