{"/home/mathis/projets/rxor/src/Rea.ts": {"path":"/home/mathis/projets/rxor/src/Rea.ts","statementMap":{"0":{"start":{"line":4,"column":0},"end":{"line":4,"column":16}},"1":{"start":{"line":1,"column":0},"end":{"line":1,"column":34}},"2":{"start":{"line":5,"column":2},"end":{"line":5,"column":37}}},"fnMap":{"0":{"name":"reaxar","decl":{"start":{"line":4,"column":16},"end":{"line":4,"column":22}},"loc":{"start":{"line":4,"column":41},"end":{"line":6,"column":1}}}},"branchMap":{},"s":{"0":1,"1":1,"2":6},"f":{"0":6},"b":{}}
,"/home/mathis/projets/rxor/src/ReaXar.ts": {"path":"/home/mathis/projets/rxor/src/ReaXar.ts","statementMap":{"0":{"start":{"line":1,"column":0},"end":{"line":1,"column":null}},"1":{"start":{"line":27,"column":2},"end":{"line":29,"column":4}},"2":{"start":{"line":28,"column":4},"end":{"line":28,"column":59}},"3":{"start":{"line":32,"column":2},"end":{"line":34,"column":4}},"4":{"start":{"line":33,"column":4},"end":{"line":33,"column":31}},"5":{"start":{"line":37,"column":2},"end":{"line":41,"column":4}},"6":{"start":{"line":40,"column":4},"end":{"line":40,"column":58}},"7":{"start":{"line":43,"column":2},"end":{"line":45,"column":4}},"8":{"start":{"line":44,"column":4},"end":{"line":44,"column":59}},"9":{"start":{"line":13,"column":4},"end":{"line":13,"column":53}},"10":{"start":{"line":18,"column":4},"end":{"line":18,"column":35}},"11":{"start":{"line":23,"column":4},"end":{"line":23,"column":32}},"12":{"start":{"line":9,"column":0},"end":{"line":9,"column":13}}},"fnMap":{"0":{"name":"(anonymous_0)","decl":{"start":{"line":12,"column":2},"end":{"line":12,"column":14}},"loc":{"start":{"line":12,"column":29},"end":{"line":14,"column":3}}},"1":{"name":"(anonymous_1)","decl":{"start":{"line":27,"column":14},"end":{"line":27,"column":15}},"loc":{"start":{"line":27,"column":61},"end":{"line":29,"column":3}}},"2":{"name":"(anonymous_2)","decl":{"start":{"line":32,"column":16},"end":{"line":32,"column":17}},"loc":{"start":{"line":32,"column":47},"end":{"line":34,"column":3}}},"3":{"name":"(anonymous_3)","decl":{"start":{"line":37,"column":9},"end":{"line":37,"column":13}},"loc":{"start":{"line":37,"column":70},"end":{"line":41,"column":3}}},"4":{"name":"(anonymous_4)","decl":{"start":{"line":43,"column":13},"end":{"line":43,"column":17}},"loc":{"start":{"line":43,"column":76},"end":{"line":45,"column":3}}},"5":{"name":"(anonymous_5)","decl":{"start":{"line":17,"column":2},"end":{"line":17,"column":6}},"loc":{"start":{"line":17,"column":11},"end":{"line":19,"column":3}}},"6":{"name":"(anonymous_6)","decl":{"start":{"line":22,"column":2},"end":{"line":22,"column":6}},"loc":{"start":{"line":22,"column":23},"end":{"line":24,"column":3}}}},"branchMap":{},"s":{"0":1,"1":6,"2":0,"3":6,"4":0,"5":6,"6":0,"7":6,"8":0,"9":6,"10":0,"11":0,"12":1},"f":{"0":6,"1":0,"2":0,"3":0,"4":0,"5":0,"6":0},"b":{}}
,"/home/mathis/projets/rxor/src/ReaXor.ts": {"path":"/home/mathis/projets/rxor/src/ReaXor.ts","statementMap":{"0":{"start":{"line":1,"column":0},"end":{"line":1,"column":31}},"1":{"start":{"line":2,"column":0},"end":{"line":2,"column":36}},"2":{"start":{"line":10,"column":4},"end":{"line":10,"column":37}},"3":{"start":{"line":11,"column":4},"end":{"line":11,"column":41}},"4":{"start":{"line":15,"column":21},"end":{"line":15,"column":48}},"5":{"start":{"line":16,"column":4},"end":{"line":16,"column":44}},"6":{"start":{"line":17,"column":4},"end":{"line":17,"column":20}},"7":{"start":{"line":21,"column":4},"end":{"line":21,"column":22}},"8":{"start":{"line":26,"column":4},"end":{"line":26,"column":28}},"9":{"start":{"line":31,"column":4},"end":{"line":31,"column":32}},"10":{"start":{"line":36,"column":4},"end":{"line":36,"column":41}},"11":{"start":{"line":41,"column":4},"end":{"line":41,"column":35}},"12":{"start":{"line":5,"column":0},"end":{"line":5,"column":13}}},"fnMap":{"0":{"name":"(anonymous_0)","decl":{"start":{"line":9,"column":2},"end":{"line":9,"column":22}},"loc":{"start":{"line":9,"column":37},"end":{"line":12,"column":3}}},"1":{"name":"(anonymous_1)","decl":{"start":{"line":14,"column":2},"end":{"line":14,"column":8}},"loc":{"start":{"line":14,"column":52},"end":{"line":18,"column":3}}},"2":{"name":"(anonymous_2)","decl":{"start":{"line":20,"column":2},"end":{"line":20,"column":6}},"loc":{"start":{"line":20,"column":12},"end":{"line":22,"column":3}}},"3":{"name":"(anonymous_3)","decl":{"start":{"line":25,"column":2},"end":{"line":25,"column":6}},"loc":{"start":{"line":25,"column":11},"end":{"line":27,"column":3}}},"4":{"name":"(anonymous_4)","decl":{"start":{"line":30,"column":2},"end":{"line":30,"column":6}},"loc":{"start":{"line":30,"column":23},"end":{"line":32,"column":3}}},"5":{"name":"(anonymous_5)","decl":{"start":{"line":35,"column":2},"end":{"line":35,"column":7}},"loc":{"start":{"line":35,"column":7},"end":{"line":37,"column":3}}},"6":{"name":"(anonymous_6)","decl":{"start":{"line":40,"column":2},"end":{"line":40,"column":11}},"loc":{"start":{"line":40,"column":40},"end":{"line":42,"column":3}}}},"branchMap":{},"s":{"0":1,"1":1,"2":6,"3":6,"4":6,"5":6,"6":6,"7":0,"8":0,"9":0,"10":0,"11":0,"12":1},"f":{"0":6,"1":6,"2":0,"3":0,"4":0,"5":0,"6":0},"b":{}}
,"/home/mathis/projets/rxor/src/RxStore.ts": {"path":"/home/mathis/projets/rxor/src/RxStore.ts","statementMap":{"0":{"start":{"line":6,"column":12},"end":{"line":6,"column":34}},"1":{"start":{"line":8,"column":4},"end":{"line":13,"column":null}},"2":{"start":{"line":9,"column":8},"end":{"line":11,"column":9}},"3":{"start":{"line":10,"column":12},"end":{"line":10,"column":81}},"4":{"start":{"line":12,"column":8},"end":{"line":12,"column":33}},"5":{"start":{"line":15,"column":4},"end":{"line":17,"column":null}},"6":{"start":{"line":16,"column":8},"end":{"line":16,"column":27}},"7":{"start":{"line":19,"column":4},"end":{"line":25,"column":null}},"8":{"start":{"line":20,"column":22},"end":{"line":20,"column":38}},"9":{"start":{"line":21,"column":8},"end":{"line":23,"column":9}},"10":{"start":{"line":22,"column":12},"end":{"line":22,"column":null}},"11":{"start":{"line":24,"column":8},"end":{"line":24,"column":34}},"12":{"start":{"line":27,"column":4},"end":{"line":29,"column":null}},"13":{"start":{"line":28,"column":8},"end":{"line":28,"column":34}},"14":{"start":{"line":31,"column":4},"end":{"line":33,"column":null}},"15":{"start":{"line":32,"column":8},"end":{"line":32,"column":25}},"16":{"start":{"line":5,"column":0},"end":{"line":5,"column":13}},"17":{"start":{"line":36,"column":13},"end":{"line":36,"column":37}}},"fnMap":{"0":{"name":"(anonymous_0)","decl":{"start":{"line":5,"column":0},"end":{"line":5,"column":13}},"loc":{"start":{"line":5,"column":0},"end":{"line":34,"column":1}}},"1":{"name":"(anonymous_1)","decl":{"start":{"line":8,"column":15},"end":{"line":8,"column":19}},"loc":{"start":{"line":8,"column":58},"end":{"line":13,"column":5}}},"2":{"name":"(anonymous_2)","decl":{"start":{"line":15,"column":16},"end":{"line":15,"column":29}},"loc":{"start":{"line":15,"column":31},"end":{"line":17,"column":5}}},"3":{"name":"(anonymous_3)","decl":{"start":{"line":19,"column":15},"end":{"line":19,"column":19}},"loc":{"start":{"line":19,"column":57},"end":{"line":25,"column":5}}},"4":{"name":"(anonymous_4)","decl":{"start":{"line":27,"column":15},"end":{"line":27,"column":16}},"loc":{"start":{"line":27,"column":40},"end":{"line":29,"column":5}}},"5":{"name":"(anonymous_5)","decl":{"start":{"line":31,"column":12},"end":{"line":31,"column":21}},"loc":{"start":{"line":31,"column":23},"end":{"line":33,"column":5}}}},"branchMap":{"0":{"loc":{"start":{"line":9,"column":8},"end":{"line":11,"column":9}},"type":"if","locations":[{"start":{"line":9,"column":8},"end":{"line":11,"column":9}}]},"1":{"loc":{"start":{"line":21,"column":8},"end":{"line":23,"column":9}},"type":"if","locations":[{"start":{"line":21,"column":8},"end":{"line":23,"column":9}}]}},"s":{"0":6,"1":6,"2":12,"3":3,"4":12,"5":6,"6":1,"7":6,"8":2,"9":2,"10":1,"11":1,"12":6,"13":2,"14":6,"15":1,"16":1,"17":1},"f":{"0":6,"1":12,"2":1,"3":2,"4":2,"5":1},"b":{"0":[3],"1":[1]}}
}
