{"/home/mathis/projets/rxor/src/Rea.ts": {"path":"/home/mathis/projets/rxor/src/Rea.ts","statementMap":{"0":{"start":{"line":4,"column":0},"end":{"line":4,"column":16}},"1":{"start":{"line":1,"column":0},"end":{"line":1,"column":34}},"2":{"start":{"line":5,"column":2},"end":{"line":5,"column":37}}},"fnMap":{"0":{"name":"reaxar","decl":{"start":{"line":4,"column":16},"end":{"line":4,"column":22}},"loc":{"start":{"line":4,"column":41},"end":{"line":6,"column":1}}}},"branchMap":{},"s":{"0":3,"1":3,"2":37},"f":{"0":37},"b":{}}
,"/home/mathis/projets/rxor/src/ReaHook.ts": {"path":"/home/mathis/projets/rxor/src/ReaHook.ts","statementMap":{"0":{"start":{"line":7,"column":0},"end":{"line":7,"column":16}},"1":{"start":{"line":18,"column":0},"end":{"line":18,"column":16}},"2":{"start":{"line":1,"column":0},"end":{"line":1,"column":44}},"3":{"start":{"line":3,"column":0},"end":{"line":3,"column":36}},"4":{"start":{"line":5,"column":0},"end":{"line":5,"column":41}},"5":{"start":{"line":8,"column":28},"end":{"line":8,"column":52}},"6":{"start":{"line":10,"column":2},"end":{"line":13,"column":17}},"7":{"start":{"line":11,"column":25},"end":{"line":11,"column":53}},"8":{"start":{"line":12,"column":4},"end":{"line":12,"column":44}},"9":{"start":{"line":12,"column":17},"end":{"line":12,"column":43}},"10":{"start":{"line":15,"column":2},"end":{"line":15,"column":15}},"11":{"start":{"line":19,"column":28},"end":{"line":19,"column":41}},"12":{"start":{"line":21,"column":2},"end":{"line":26,"column":19}},"13":{"start":{"line":22,"column":25},"end":{"line":24,"column":6}},"14":{"start":{"line":23,"column":6},"end":{"line":23,"column":22}},"15":{"start":{"line":25,"column":4},"end":{"line":25,"column":44}},"16":{"start":{"line":25,"column":17},"end":{"line":25,"column":43}},"17":{"start":{"line":28,"column":2},"end":{"line":28,"column":15}},"18":{"start":{"line":31,"column":28},"end":{"line":38,"column":1}},"19":{"start":{"line":35,"column":18},"end":{"line":35,"column":42}},"20":{"start":{"line":37,"column":2},"end":{"line":37,"column":40}},"21":{"start":{"line":31,"column":13},"end":{"line":31,"column":28}},"22":{"start":{"line":40,"column":26},"end":{"line":86,"column":1}},"23":{"start":{"line":45,"column":18},"end":{"line":45,"column":42}},"24":{"start":{"line":46,"column":32},"end":{"line":46,"column":47}},"25":{"start":{"line":47,"column":28},"end":{"line":47,"column":56}},"26":{"start":{"line":49,"column":2},"end":{"line":83,"column":49}},"27":{"start":{"line":50,"column":22},"end":{"line":80,"column":6}},"28":{"start":{"line":50,"column":33},"end":{"line":80,"column":6}},"29":{"start":{"line":51,"column":6},"end":{"line":58,"column":7}},"30":{"start":{"line":52,"column":22},"end":{"line":52,"column":69}},"31":{"start":{"line":53,"column":8},"end":{"line":53,"column":24}},"32":{"start":{"line":54,"column":8},"end":{"line":56,"column":9}},"33":{"start":{"line":55,"column":10},"end":{"line":55,"column":35}},"34":{"start":{"line":57,"column":8},"end":{"line":57,"column":15}},"35":{"start":{"line":60,"column":6},"end":{"line":60,"column":23}},"36":{"start":{"line":62,"column":6},"end":{"line":79,"column":7}},"37":{"start":{"line":63,"column":8},"end":{"line":63,"column":30}},"38":{"start":{"line":65,"column":8},"end":{"line":76,"column":9}},"39":{"start":{"line":66,"column":10},"end":{"line":66,"column":24}},"40":{"start":{"line":67,"column":10},"end":{"line":69,"column":11}},"41":{"start":{"line":68,"column":12},"end":{"line":68,"column":35}},"42":{"start":{"line":71,"column":24},"end":{"line":71,"column":62}},"43":{"start":{"line":72,"column":10},"end":{"line":72,"column":26}},"44":{"start":{"line":73,"column":10},"end":{"line":75,"column":11}},"45":{"start":{"line":74,"column":12},"end":{"line":74,"column":37}},"46":{"start":{"line":78,"column":8},"end":{"line":78,"column":26}},"47":{"start":{"line":82,"column":4},"end":{"line":82,"column":16}},"48":{"start":{"line":85,"column":2},"end":{"line":85,"column":28}},"49":{"start":{"line":40,"column":13},"end":{"line":40,"column":26}},"50":{"start":{"line":88,"column":26},"end":{"line":97,"column":1}},"51":{"start":{"line":89,"column":16},"end":{"line":89,"column":40}},"52":{"start":{"line":91,"column":2},"end":{"line":94,"column":3}},"53":{"start":{"line":92,"column":4},"end":{"line":92,"column":89}},"54":{"start":{"line":93,"column":4},"end":{"line":93,"column":21}},"55":{"start":{"line":96,"column":2},"end":{"line":96,"column":33}},"56":{"start":{"line":88,"column":13},"end":{"line":88,"column":26}}},"fnMap":{"0":{"name":"useRea","decl":{"start":{"line":7,"column":16},"end":{"line":7,"column":22}},"loc":{"start":{"line":7,"column":45},"end":{"line":16,"column":1}}},"1":{"name":"(anonymous_8)","decl":{"start":{"line":10,"column":12},"end":{"line":10,"column":15}},"loc":{"start":{"line":10,"column":17},"end":{"line":13,"column":3}}},"2":{"name":"(anonymous_9)","decl":{"start":{"line":12,"column":11},"end":{"line":12,"column":14}},"loc":{"start":{"line":12,"column":17},"end":{"line":12,"column":43}}},"3":{"name":"useReaCompute","decl":{"start":{"line":18,"column":16},"end":{"line":18,"column":29}},"loc":{"start":{"line":18,"column":58},"end":{"line":29,"column":1}}},"4":{"name":"(anonymous_11)","decl":{"start":{"line":21,"column":12},"end":{"line":21,"column":15}},"loc":{"start":{"line":21,"column":17},"end":{"line":26,"column":3}}},"5":{"name":"(anonymous_12)","decl":{"start":{"line":22,"column":46},"end":{"line":22,"column":47}},"loc":{"start":{"line":22,"column":56},"end":{"line":24,"column":5}}},"6":{"name":"(anonymous_13)","decl":{"start":{"line":25,"column":11},"end":{"line":25,"column":14}},"loc":{"start":{"line":25,"column":17},"end":{"line":25,"column":43}}},"7":{"name":"(anonymous_14)","decl":{"start":{"line":31,"column":28},"end":{"line":31,"column":null}},"loc":{"start":{"line":34,"column":19},"end":{"line":38,"column":1}}},"8":{"name":"(anonymous_15)","decl":{"start":{"line":40,"column":26},"end":{"line":40,"column":null}},"loc":{"start":{"line":44,"column":4},"end":{"line":86,"column":1}}},"9":{"name":"(anonymous_16)","decl":{"start":{"line":49,"column":12},"end":{"line":49,"column":15}},"loc":{"start":{"line":49,"column":17},"end":{"line":83,"column":3}}},"10":{"name":"(anonymous_17)","decl":{"start":{"line":50,"column":22},"end":{"line":50,"column":31}},"loc":{"start":{"line":50,"column":33},"end":{"line":80,"column":6}}},"11":{"name":"(anonymous_18)","decl":{"start":{"line":50,"column":33},"end":{"line":50,"column":null}},"loc":{"start":{"line":50,"column":33},"end":{"line":80,"column":5}}},"12":{"name":"(anonymous_19)","decl":{"start":{"line":88,"column":26},"end":{"line":88,"column":30}},"loc":{"start":{"line":88,"column":60},"end":{"line":97,"column":1}}}},"branchMap":{"0":{"loc":{"start":{"line":51,"column":6},"end":{"line":58,"column":7}},"type":"if","locations":[{"start":{"line":51,"column":6},"end":{"line":58,"column":7}}]},"1":{"loc":{"start":{"line":54,"column":8},"end":{"line":56,"column":9}},"type":"if","locations":[{"start":{"line":54,"column":8},"end":{"line":56,"column":9}}]},"2":{"loc":{"start":{"line":65,"column":8},"end":{"line":76,"column":9}},"type":"if","locations":[{"start":{"line":65,"column":8},"end":{"line":76,"column":9}},{"start":{"line":70,"column":14},"end":{"line":76,"column":9}}]},"3":{"loc":{"start":{"line":67,"column":10},"end":{"line":69,"column":11}},"type":"if","locations":[{"start":{"line":67,"column":10},"end":{"line":69,"column":11}}]},"4":{"loc":{"start":{"line":73,"column":10},"end":{"line":75,"column":11}},"type":"if","locations":[{"start":{"line":73,"column":10},"end":{"line":75,"column":11}}]},"5":{"loc":{"start":{"line":91,"column":2},"end":{"line":94,"column":3}},"type":"if","locations":[{"start":{"line":91,"column":2},"end":{"line":94,"column":3}}]},"6":{"loc":{"start":{"line":91,"column":6},"end":{"line":91,"column":29}},"type":"binary-expr","locations":[{"start":{"line":91,"column":6},"end":{"line":91,"column":12}},{"start":{"line":91,"column":16},"end":{"line":91,"column":29}}]}},"s":{"0":1,"1":1,"2":1,"3":1,"4":1,"5":4,"6":4,"7":2,"8":2,"9":2,"10":4,"11":2,"12":2,"13":1,"14":1,"15":1,"16":1,"17":2,"18":1,"19":0,"20":0,"21":1,"22":1,"23":6,"24":6,"25":6,"26":6,"27":2,"28":2,"29":2,"30":0,"31":0,"32":0,"33":0,"34":0,"35":2,"36":2,"37":2,"38":1,"39":1,"40":1,"41":0,"42":0,"43":0,"44":0,"45":0,"46":2,"47":2,"48":6,"49":1,"50":1,"51":3,"52":3,"53":1,"54":1,"55":2,"56":1},"f":{"0":4,"1":2,"2":2,"3":2,"4":1,"5":1,"6":1,"7":0,"8":6,"9":2,"10":2,"11":2,"12":3},"b":{"0":[0],"1":[0],"2":[1,0],"3":[0],"4":[0],"5":[1],"6":[3,2]}}
,"/home/mathis/projets/rxor/src/ReaService.ts": {"path":"/home/mathis/projets/rxor/src/ReaService.ts","statementMap":{"0":{"start":{"line":1,"column":0},"end":{"line":1,"column":40}},"1":{"start":{"line":4,"column":14},"end":{"line":4,"column":36}},"2":{"start":{"line":7,"column":8},"end":{"line":9,"column":9}},"3":{"start":{"line":8,"column":12},"end":{"line":8,"column":83}},"4":{"start":{"line":10,"column":8},"end":{"line":10,"column":48}},"5":{"start":{"line":3,"column":0},"end":{"line":3,"column":22}}},"fnMap":{"0":{"name":"(anonymous_0)","decl":{"start":{"line":6,"column":4},"end":{"line":6,"column":26}},"loc":{"start":{"line":6,"column":37},"end":{"line":11,"column":5}}}},"branchMap":{"0":{"loc":{"start":{"line":7,"column":8},"end":{"line":9,"column":9}},"type":"if","locations":[{"start":{"line":7,"column":8},"end":{"line":9,"column":9}}]}},"s":{"0":2,"1":11,"2":11,"3":6,"4":11,"5":2},"f":{"0":11},"b":{"0":[6]}}
,"/home/mathis/projets/rxor/src/ReaXar.ts": {"path":"/home/mathis/projets/rxor/src/ReaXar.ts","statementMap":{"0":{"start":{"line":1,"column":0},"end":{"line":1,"column":null}},"1":{"start":{"line":27,"column":2},"end":{"line":29,"column":4}},"2":{"start":{"line":28,"column":4},"end":{"line":28,"column":59}},"3":{"start":{"line":32,"column":2},"end":{"line":34,"column":4}},"4":{"start":{"line":33,"column":4},"end":{"line":33,"column":31}},"5":{"start":{"line":37,"column":2},"end":{"line":41,"column":4}},"6":{"start":{"line":40,"column":4},"end":{"line":40,"column":58}},"7":{"start":{"line":43,"column":2},"end":{"line":45,"column":4}},"8":{"start":{"line":44,"column":4},"end":{"line":44,"column":59}},"9":{"start":{"line":13,"column":4},"end":{"line":13,"column":53}},"10":{"start":{"line":18,"column":4},"end":{"line":18,"column":35}},"11":{"start":{"line":23,"column":4},"end":{"line":23,"column":32}},"12":{"start":{"line":9,"column":0},"end":{"line":9,"column":13}}},"fnMap":{"0":{"name":"(anonymous_0)","decl":{"start":{"line":12,"column":2},"end":{"line":12,"column":14}},"loc":{"start":{"line":12,"column":29},"end":{"line":14,"column":3}}},"1":{"name":"(anonymous_1)","decl":{"start":{"line":27,"column":14},"end":{"line":27,"column":15}},"loc":{"start":{"line":27,"column":61},"end":{"line":29,"column":3}}},"2":{"name":"(anonymous_2)","decl":{"start":{"line":32,"column":16},"end":{"line":32,"column":17}},"loc":{"start":{"line":32,"column":47},"end":{"line":34,"column":3}}},"3":{"name":"(anonymous_3)","decl":{"start":{"line":37,"column":9},"end":{"line":37,"column":13}},"loc":{"start":{"line":37,"column":70},"end":{"line":41,"column":3}}},"4":{"name":"(anonymous_4)","decl":{"start":{"line":43,"column":13},"end":{"line":43,"column":17}},"loc":{"start":{"line":43,"column":76},"end":{"line":45,"column":3}}},"5":{"name":"(anonymous_5)","decl":{"start":{"line":17,"column":2},"end":{"line":17,"column":6}},"loc":{"start":{"line":17,"column":11},"end":{"line":19,"column":3}}},"6":{"name":"(anonymous_6)","decl":{"start":{"line":22,"column":2},"end":{"line":22,"column":6}},"loc":{"start":{"line":22,"column":23},"end":{"line":24,"column":3}}}},"branchMap":{},"s":{"0":4,"1":68,"2":9,"3":68,"4":1,"5":68,"6":1,"7":68,"8":1,"9":68,"10":45,"11":47,"12":4},"f":{"0":68,"1":9,"2":1,"3":1,"4":1,"5":45,"6":47},"b":{}}
,"/home/mathis/projets/rxor/src/ReaXor.ts": {"path":"/home/mathis/projets/rxor/src/ReaXor.ts","statementMap":{"0":{"start":{"line":1,"column":0},"end":{"line":1,"column":31}},"1":{"start":{"line":2,"column":0},"end":{"line":2,"column":36}},"2":{"start":{"line":10,"column":4},"end":{"line":10,"column":37}},"3":{"start":{"line":11,"column":4},"end":{"line":11,"column":41}},"4":{"start":{"line":15,"column":21},"end":{"line":15,"column":48}},"5":{"start":{"line":16,"column":4},"end":{"line":16,"column":44}},"6":{"start":{"line":17,"column":4},"end":{"line":17,"column":20}},"7":{"start":{"line":21,"column":4},"end":{"line":21,"column":22}},"8":{"start":{"line":26,"column":4},"end":{"line":26,"column":28}},"9":{"start":{"line":31,"column":4},"end":{"line":31,"column":32}},"10":{"start":{"line":36,"column":4},"end":{"line":36,"column":41}},"11":{"start":{"line":41,"column":4},"end":{"line":41,"column":35}},"12":{"start":{"line":5,"column":0},"end":{"line":5,"column":13}}},"fnMap":{"0":{"name":"(anonymous_0)","decl":{"start":{"line":9,"column":2},"end":{"line":9,"column":22}},"loc":{"start":{"line":9,"column":37},"end":{"line":12,"column":3}}},"1":{"name":"(anonymous_1)","decl":{"start":{"line":14,"column":2},"end":{"line":14,"column":8}},"loc":{"start":{"line":14,"column":52},"end":{"line":18,"column":3}}},"2":{"name":"(anonymous_2)","decl":{"start":{"line":20,"column":2},"end":{"line":20,"column":6}},"loc":{"start":{"line":20,"column":12},"end":{"line":22,"column":3}}},"3":{"name":"(anonymous_3)","decl":{"start":{"line":25,"column":2},"end":{"line":25,"column":6}},"loc":{"start":{"line":25,"column":11},"end":{"line":27,"column":3}}},"4":{"name":"(anonymous_4)","decl":{"start":{"line":30,"column":2},"end":{"line":30,"column":6}},"loc":{"start":{"line":30,"column":23},"end":{"line":32,"column":3}}},"5":{"name":"(anonymous_5)","decl":{"start":{"line":35,"column":2},"end":{"line":35,"column":7}},"loc":{"start":{"line":35,"column":7},"end":{"line":37,"column":3}}},"6":{"name":"(anonymous_6)","decl":{"start":{"line":40,"column":2},"end":{"line":40,"column":11}},"loc":{"start":{"line":40,"column":40},"end":{"line":42,"column":3}}}},"branchMap":{},"s":{"0":3,"1":3,"2":37,"3":37,"4":37,"5":37,"6":37,"7":4,"8":25,"9":23,"10":9,"11":3,"12":3},"f":{"0":37,"1":37,"2":4,"3":25,"4":23,"5":9,"6":3},"b":{}}
,"/home/mathis/projets/rxor/src/RxService.ts": {"path":"/home/mathis/projets/rxor/src/RxService.ts","statementMap":{"0":{"start":{"line":6,"column":12},"end":{"line":6,"column":52}},"1":{"start":{"line":8,"column":4},"end":{"line":13,"column":null}},"2":{"start":{"line":9,"column":8},"end":{"line":11,"column":9}},"3":{"start":{"line":10,"column":12},"end":{"line":10,"column":83}},"4":{"start":{"line":12,"column":8},"end":{"line":12,"column":37}},"5":{"start":{"line":15,"column":4},"end":{"line":17,"column":null}},"6":{"start":{"line":16,"column":8},"end":{"line":16,"column":29}},"7":{"start":{"line":19,"column":4},"end":{"line":22,"column":null}},"8":{"start":{"line":20,"column":24},"end":{"line":20,"column":42}},"9":{"start":{"line":21,"column":8},"end":{"line":21,"column":28}},"10":{"start":{"line":24,"column":4},"end":{"line":26,"column":null}},"11":{"start":{"line":25,"column":8},"end":{"line":25,"column":36}},"12":{"start":{"line":28,"column":4},"end":{"line":30,"column":null}},"13":{"start":{"line":29,"column":8},"end":{"line":29,"column":41}},"14":{"start":{"line":5,"column":0},"end":{"line":5,"column":13}},"15":{"start":{"line":33,"column":13},"end":{"line":33,"column":41}}},"fnMap":{"0":{"name":"(anonymous_0)","decl":{"start":{"line":5,"column":0},"end":{"line":5,"column":13}},"loc":{"start":{"line":5,"column":0},"end":{"line":31,"column":1}}},"1":{"name":"(anonymous_1)","decl":{"start":{"line":8,"column":17},"end":{"line":8,"column":21}},"loc":{"start":{"line":8,"column":66},"end":{"line":13,"column":5}}},"2":{"name":"(anonymous_2)","decl":{"start":{"line":15,"column":18},"end":{"line":15,"column":33}},"loc":{"start":{"line":15,"column":35},"end":{"line":17,"column":5}}},"3":{"name":"(anonymous_3)","decl":{"start":{"line":19,"column":17},"end":{"line":19,"column":21}},"loc":{"start":{"line":19,"column":39},"end":{"line":22,"column":5}}},"4":{"name":"(anonymous_4)","decl":{"start":{"line":24,"column":17},"end":{"line":24,"column":18}},"loc":{"start":{"line":24,"column":42},"end":{"line":26,"column":5}}},"5":{"name":"(anonymous_5)","decl":{"start":{"line":28,"column":12},"end":{"line":28,"column":21}},"loc":{"start":{"line":28,"column":23},"end":{"line":30,"column":5}}}},"branchMap":{"0":{"loc":{"start":{"line":9,"column":8},"end":{"line":11,"column":9}},"type":"if","locations":[{"start":{"line":9,"column":8},"end":{"line":11,"column":9}}]}},"s":{"0":11,"1":11,"2":12,"3":6,"4":12,"5":11,"6":1,"7":11,"8":2,"9":2,"10":11,"11":8,"12":11,"13":1,"14":1,"15":1},"f":{"0":11,"1":12,"2":1,"3":2,"4":8,"5":1},"b":{"0":[6]}}
,"/home/mathis/projets/rxor/src/RxStore.ts": {"path":"/home/mathis/projets/rxor/src/RxStore.ts","statementMap":{"0":{"start":{"line":6,"column":12},"end":{"line":6,"column":34}},"1":{"start":{"line":8,"column":4},"end":{"line":13,"column":null}},"2":{"start":{"line":9,"column":8},"end":{"line":11,"column":9}},"3":{"start":{"line":10,"column":12},"end":{"line":10,"column":81}},"4":{"start":{"line":12,"column":8},"end":{"line":12,"column":33}},"5":{"start":{"line":15,"column":4},"end":{"line":17,"column":null}},"6":{"start":{"line":16,"column":8},"end":{"line":16,"column":27}},"7":{"start":{"line":19,"column":4},"end":{"line":25,"column":null}},"8":{"start":{"line":20,"column":22},"end":{"line":20,"column":38}},"9":{"start":{"line":21,"column":8},"end":{"line":23,"column":9}},"10":{"start":{"line":22,"column":12},"end":{"line":22,"column":null}},"11":{"start":{"line":24,"column":8},"end":{"line":24,"column":34}},"12":{"start":{"line":27,"column":4},"end":{"line":29,"column":null}},"13":{"start":{"line":28,"column":8},"end":{"line":28,"column":34}},"14":{"start":{"line":31,"column":4},"end":{"line":33,"column":null}},"15":{"start":{"line":32,"column":8},"end":{"line":32,"column":25}},"16":{"start":{"line":5,"column":0},"end":{"line":5,"column":13}},"17":{"start":{"line":36,"column":13},"end":{"line":36,"column":37}}},"fnMap":{"0":{"name":"(anonymous_0)","decl":{"start":{"line":5,"column":0},"end":{"line":5,"column":13}},"loc":{"start":{"line":5,"column":0},"end":{"line":34,"column":1}}},"1":{"name":"(anonymous_1)","decl":{"start":{"line":8,"column":15},"end":{"line":8,"column":19}},"loc":{"start":{"line":8,"column":58},"end":{"line":13,"column":5}}},"2":{"name":"(anonymous_2)","decl":{"start":{"line":15,"column":16},"end":{"line":15,"column":29}},"loc":{"start":{"line":15,"column":31},"end":{"line":17,"column":5}}},"3":{"name":"(anonymous_3)","decl":{"start":{"line":19,"column":15},"end":{"line":19,"column":19}},"loc":{"start":{"line":19,"column":57},"end":{"line":25,"column":5}}},"4":{"name":"(anonymous_4)","decl":{"start":{"line":27,"column":15},"end":{"line":27,"column":16}},"loc":{"start":{"line":27,"column":40},"end":{"line":29,"column":5}}},"5":{"name":"(anonymous_5)","decl":{"start":{"line":31,"column":12},"end":{"line":31,"column":21}},"loc":{"start":{"line":31,"column":23},"end":{"line":33,"column":5}}}},"branchMap":{"0":{"loc":{"start":{"line":9,"column":8},"end":{"line":11,"column":9}},"type":"if","locations":[{"start":{"line":9,"column":8},"end":{"line":11,"column":9}}]},"1":{"loc":{"start":{"line":21,"column":8},"end":{"line":23,"column":9}},"type":"if","locations":[{"start":{"line":21,"column":8},"end":{"line":23,"column":9}}]}},"s":{"0":8,"1":8,"2":43,"3":30,"4":43,"5":8,"6":1,"7":8,"8":5,"9":5,"10":2,"11":3,"12":8,"13":2,"14":8,"15":3,"16":3,"17":3},"f":{"0":8,"1":43,"2":1,"3":5,"4":2,"5":3},"b":{"0":[30],"1":[2]}}
}
