TN:
SF:src/Rea.ts
FN:4,reaxar
FNF:1
FNH:1
FNDA:36,reaxar
DA:1,2
DA:4,2
DA:5,36
LF:3
LH:3
BRF:0
BRH:0
end_of_record
TN:
SF:src/ReaService.ts
FN:6,(anonymous_0)
FNF:1
FNH:1
FNDA:6,(anonymous_0)
DA:1,1
DA:3,1
DA:4,6
DA:7,6
DA:8,5
DA:10,6
LF:6
LH:6
BRDA:7,0,0,5
BRF:1
BRH:1
end_of_record
TN:
SF:src/ReaXar.ts
FN:12,(anonymous_0)
FN:27,(anonymous_1)
FN:32,(anonymous_2)
FN:37,(anonymous_3)
FN:43,(anonymous_4)
FN:17,(anonymous_5)
FN:22,(anonymous_6)
FNF:7
FNH:7
FNDA:66,(anonymous_0)
FNDA:7,(anonymous_1)
FNDA:1,(anonymous_2)
FNDA:1,(anonymous_3)
FNDA:1,(anonymous_4)
FNDA:41,(anonymous_5)
FNDA:45,(anonymous_6)
DA:1,3
DA:9,3
DA:13,66
DA:18,41
DA:23,45
DA:27,66
DA:28,7
DA:32,66
DA:33,1
DA:37,66
DA:40,1
DA:43,66
DA:44,1
LF:13
LH:13
BRF:0
BRH:0
end_of_record
TN:
SF:src/ReaXor.ts
FN:9,(anonymous_0)
FN:14,(anonymous_1)
FN:20,(anonymous_2)
FN:25,(anonymous_3)
FN:30,(anonymous_4)
FN:35,(anonymous_5)
FN:40,(anonymous_6)
FNF:7
FNH:6
FNDA:36,(anonymous_0)
FNDA:36,(anonymous_1)
FNDA:0,(anonymous_2)
FNDA:25,(anonymous_3)
FNDA:22,(anonymous_4)
FNDA:9,(anonymous_5)
FNDA:3,(anonymous_6)
DA:1,2
DA:2,2
DA:5,2
DA:10,36
DA:11,36
DA:15,36
DA:16,36
DA:17,36
DA:21,0
DA:26,25
DA:31,22
DA:36,9
DA:41,3
LF:13
LH:12
BRF:0
BRH:0
end_of_record
TN:
SF:src/RxService.ts
FN:5,(anonymous_0)
FN:8,(anonymous_1)
FN:15,(anonymous_2)
FN:19,(anonymous_3)
FN:24,(anonymous_4)
FN:28,(anonymous_5)
FNF:6
FNH:6
FNDA:11,(anonymous_0)
FNDA:12,(anonymous_1)
FNDA:1,(anonymous_2)
FNDA:2,(anonymous_3)
FNDA:8,(anonymous_4)
FNDA:1,(anonymous_5)
DA:5,1
DA:6,11
DA:8,11
DA:9,12
DA:10,6
DA:12,12
DA:15,11
DA:16,1
DA:19,11
DA:20,2
DA:21,2
DA:24,11
DA:25,8
DA:28,11
DA:29,1
DA:33,1
LF:16
LH:16
BRDA:9,0,0,6
BRF:1
BRH:1
end_of_record
TN:
SF:src/RxStore.ts
FN:5,(anonymous_0)
FN:8,(anonymous_1)
FN:15,(anonymous_2)
FN:19,(anonymous_3)
FN:27,(anonymous_4)
FN:31,(anonymous_5)
FNF:6
FNH:6
FNDA:7,(anonymous_0)
FNDA:42,(anonymous_1)
FNDA:1,(anonymous_2)
FNDA:2,(anonymous_3)
FNDA:2,(anonymous_4)
FNDA:1,(anonymous_5)
DA:5,2
DA:6,7
DA:8,7
DA:9,42
DA:10,30
DA:12,42
DA:15,7
DA:16,1
DA:19,7
DA:20,2
DA:21,2
DA:22,1
DA:24,1
DA:27,7
DA:28,2
DA:31,7
DA:32,1
DA:36,2
LF:18
LH:18
BRDA:9,0,0,30
BRDA:21,1,0,1
BRF:2
BRH:2
end_of_record
