TN:
SF:src/Rea.ts
FN:4,reaxar
FNF:1
FNH:1
FNDA:6,reaxar
DA:1,1
DA:4,1
DA:5,6
LF:3
LH:3
BRF:0
BRH:0
end_of_record
TN:
SF:src/ReaXar.ts
FN:12,(anonymous_0)
FN:27,(anonymous_1)
FN:32,(anonymous_2)
FN:37,(anonymous_3)
FN:43,(anonymous_4)
FN:17,(anonymous_5)
FN:22,(anonymous_6)
FNF:7
FNH:1
FNDA:6,(anonymous_0)
FNDA:0,(anonymous_1)
FNDA:0,(anonymous_2)
FNDA:0,(anonymous_3)
FNDA:0,(anonymous_4)
FNDA:0,(anonymous_5)
FNDA:0,(anonymous_6)
DA:1,1
DA:9,1
DA:13,6
DA:18,0
DA:23,0
DA:27,6
DA:28,0
DA:32,6
DA:33,0
DA:37,6
DA:40,0
DA:43,6
DA:44,0
LF:13
LH:7
BRF:0
BRH:0
end_of_record
TN:
SF:src/ReaXor.ts
FN:9,(anonymous_0)
FN:14,(anonymous_1)
FN:20,(anonymous_2)
FN:25,(anonymous_3)
FN:30,(anonymous_4)
FN:35,(anonymous_5)
FN:40,(anonymous_6)
FNF:7
FNH:2
FNDA:6,(anonymous_0)
FNDA:6,(anonymous_1)
FNDA:0,(anonymous_2)
FNDA:0,(anonymous_3)
FNDA:0,(anonymous_4)
FNDA:0,(anonymous_5)
FNDA:0,(anonymous_6)
DA:1,1
DA:2,1
DA:5,1
DA:10,6
DA:11,6
DA:15,6
DA:16,6
DA:17,6
DA:21,0
DA:26,0
DA:31,0
DA:36,0
DA:41,0
LF:13
LH:8
BRF:0
BRH:0
end_of_record
TN:
SF:src/RxStore.ts
FN:5,(anonymous_0)
FN:8,(anonymous_1)
FN:15,(anonymous_2)
FN:19,(anonymous_3)
FN:27,(anonymous_4)
FN:31,(anonymous_5)
FNF:6
FNH:6
FNDA:6,(anonymous_0)
FNDA:12,(anonymous_1)
FNDA:1,(anonymous_2)
FNDA:2,(anonymous_3)
FNDA:2,(anonymous_4)
FNDA:1,(anonymous_5)
DA:5,1
DA:6,6
DA:8,6
DA:9,12
DA:10,3
DA:12,12
DA:15,6
DA:16,1
DA:19,6
DA:20,2
DA:21,2
DA:22,1
DA:24,1
DA:27,6
DA:28,2
DA:31,6
DA:32,1
DA:36,1
LF:18
LH:18
BRDA:9,0,0,3
BRDA:21,1,0,1
BRF:2
BRH:2
end_of_record
